<testsuite failures="1"
           name="src/test/java/conduitApp/feature/pet_counter.feature"
           skipped="0"
           tests="1"
           time="2.551839">
   <testcase classname="src.test.java.conduitApp.feature.pet_counter"
             name="Count names of pets"
             time="2.551839">
      <failure message="pet_counter.feature:8 - javascript evaluation failed: Java.type('PetCounter').countPetNames(pets), java.lang.ClassNotFoundException: PetCounter">Given url 'https://petstore.swagger.io/v2/pet/findByStatus?status=available' . passed
When method get ........................................................... passed
Then status 200 ........................................................... passed
* def pets = response ..................................................... passed
* def nameCount = Java.type('PetCounter').countPetNames(pets) ............. failed

Stack Trace:
com.intuit.karate.exception.KarateException: pet_counter.feature:8 - javascript evaluation failed: Java.type('PetCounter').countPetNames(pets), java.lang.ClassNotFoundException: PetCounter&#xD;
	at âœ½.* def nameCount = Java.type('PetCounter').countPetNames(pets) (pet_counter.feature:8)&#xD;

* print nameCount ......................................................... skipped</failure>
   </testcase>
</testsuite>
